[2017-05-31 16:03:12.202] [ERROR] errorLogger - 
*************** error log start ***************
request method: GET
request originalUrl:  /admin/admin
request client ip:  ::1
request query:  {}
response time: 46
err name: Error
err message: F:\koa2\koa2-demo\views\back\main\main.jade:21
    19|                     a.btn.btn-success.update-pro(href="#")
    20|                 #navbar-menu
  > 21|                     ul..nav.navbar-nav.navbar-right
    22|                         li.dropdown
    23|                             a.dropdown-toggle.icon-menu(href="#",data-toggle="dropdown")
    24|                                 i.lnr.lnr-alarm

Unexpected token `class` expected `text`, `code`, `:`, `newline` or `eos`
err stack: Error: F:\koa2\koa2-demo\views\back\main\main.jade:21
    19|                     a.btn.btn-success.update-pro(href="#")
    20|                 #navbar-menu
  > 21|                     ul..nav.navbar-nav.navbar-right
    22|                         li.dropdown
    23|                             a.dropdown-toggle.icon-menu(href="#",data-toggle="dropdown")
    24|                                 i.lnr.lnr-alarm

Unexpected token `class` expected `text`, `code`, `:`, `newline` or `eos`
    at Parser.tag (F:\koa2\koa2-demo\node_modules\jade\lib\parser.js:828:15)
    at Parser.parseTag (F:\koa2\koa2-demo\node_modules\jade\lib\parser.js:759:17)
    at Parser.parseExpr (F:\koa2\koa2-demo\node_modules\jade\lib\parser.js:211:21)
    at Parser.block (F:\koa2\koa2-demo\node_modules\jade\lib\parser.js:729:25)
    at Parser.tag (F:\koa2\koa2-demo\node_modules\jade\lib\parser.js:838:24)
    at Parser.parseTag (F:\koa2\koa2-demo\node_modules\jade\lib\parser.js:759:17)
    at Parser.parseExpr (F:\koa2\koa2-demo\node_modules\jade\lib\parser.js:211:21)
    at Parser.parseExpr (F:\koa2\koa2-demo\node_modules\jade\lib\parser.js:252:21)
    at Parser.block (F:\koa2\koa2-demo\node_modules\jade\lib\parser.js:729:25)
    at Parser.tag (F:\koa2\koa2-demo\node_modules\jade\lib\parser.js:838:24)
    at Parser.parseTag (F:\koa2\koa2-demo\node_modules\jade\lib\parser.js:759:17)
    at Parser.parseExpr (F:\koa2\koa2-demo\node_modules\jade\lib\parser.js:211:21)
    at Parser.parseExpr (F:\koa2\koa2-demo\node_modules\jade\lib\parser.js:252:21)
    at Parser.block (F:\koa2\koa2-demo\node_modules\jade\lib\parser.js:729:25)
    at Parser.tag (F:\koa2\koa2-demo\node_modules\jade\lib\parser.js:838:24)
    at Parser.parseTag (F:\koa2\koa2-demo\node_modules\jade\lib\parser.js:759:17)
*************** error log end ***************

[2017-05-31 16:04:12.509] [ERROR] errorLogger - 
*************** error log start ***************
request method: GET
request originalUrl:  /admin/admin
request client ip:  ::1
request query:  {}
response time: 10
err name: Error
err message: F:\koa2\koa2-demo\views\back\main\main.jade:21
    19|                     a.btn.btn-success.update-pro(href="#")
    20|                 #navbar-menu
  > 21|                     ul..nav.navbar-nav.navbar-right
    22|                         li.dropdown
    23|                             a.dropdown-toggle.icon-menu(href="#",data-toggle="dropdown")
    24|                                 i.lnr.lnr-alarm

Unexpected token `class` expected `text`, `code`, `:`, `newline` or `eos`
err stack: Error: F:\koa2\koa2-demo\views\back\main\main.jade:21
    19|                     a.btn.btn-success.update-pro(href="#")
    20|                 #navbar-menu
  > 21|                     ul..nav.navbar-nav.navbar-right
    22|                         li.dropdown
    23|                             a.dropdown-toggle.icon-menu(href="#",data-toggle="dropdown")
    24|                                 i.lnr.lnr-alarm

Unexpected token `class` expected `text`, `code`, `:`, `newline` or `eos`
    at Parser.tag (F:\koa2\koa2-demo\node_modules\jade\lib\parser.js:828:15)
    at Parser.parseTag (F:\koa2\koa2-demo\node_modules\jade\lib\parser.js:759:17)
    at Parser.parseExpr (F:\koa2\koa2-demo\node_modules\jade\lib\parser.js:211:21)
    at Parser.block (F:\koa2\koa2-demo\node_modules\jade\lib\parser.js:729:25)
    at Parser.tag (F:\koa2\koa2-demo\node_modules\jade\lib\parser.js:838:24)
    at Parser.parseTag (F:\koa2\koa2-demo\node_modules\jade\lib\parser.js:759:17)
    at Parser.parseExpr (F:\koa2\koa2-demo\node_modules\jade\lib\parser.js:211:21)
    at Parser.parseExpr (F:\koa2\koa2-demo\node_modules\jade\lib\parser.js:252:21)
    at Parser.block (F:\koa2\koa2-demo\node_modules\jade\lib\parser.js:729:25)
    at Parser.tag (F:\koa2\koa2-demo\node_modules\jade\lib\parser.js:838:24)
    at Parser.parseTag (F:\koa2\koa2-demo\node_modules\jade\lib\parser.js:759:17)
    at Parser.parseExpr (F:\koa2\koa2-demo\node_modules\jade\lib\parser.js:211:21)
    at Parser.parseExpr (F:\koa2\koa2-demo\node_modules\jade\lib\parser.js:252:21)
    at Parser.block (F:\koa2\koa2-demo\node_modules\jade\lib\parser.js:729:25)
    at Parser.tag (F:\koa2\koa2-demo\node_modules\jade\lib\parser.js:838:24)
    at Parser.parseTag (F:\koa2\koa2-demo\node_modules\jade\lib\parser.js:759:17)
*************** error log end ***************

[2017-05-31 16:04:12.990] [ERROR] errorLogger - 
*************** error log start ***************
request method: GET
request originalUrl:  /admin/admin
request client ip:  ::1
request query:  {}
response time: 11
err name: Error
err message: F:\koa2\koa2-demo\views\back\main\main.jade:21
    19|                     a.btn.btn-success.update-pro(href="#")
    20|                 #navbar-menu
  > 21|                     ul..nav.navbar-nav.navbar-right
    22|                         li.dropdown
    23|                             a.dropdown-toggle.icon-menu(href="#",data-toggle="dropdown")
    24|                                 i.lnr.lnr-alarm

Unexpected token `class` expected `text`, `code`, `:`, `newline` or `eos`
err stack: Error: F:\koa2\koa2-demo\views\back\main\main.jade:21
    19|                     a.btn.btn-success.update-pro(href="#")
    20|                 #navbar-menu
  > 21|                     ul..nav.navbar-nav.navbar-right
    22|                         li.dropdown
    23|                             a.dropdown-toggle.icon-menu(href="#",data-toggle="dropdown")
    24|                                 i.lnr.lnr-alarm

Unexpected token `class` expected `text`, `code`, `:`, `newline` or `eos`
    at Parser.tag (F:\koa2\koa2-demo\node_modules\jade\lib\parser.js:828:15)
    at Parser.parseTag (F:\koa2\koa2-demo\node_modules\jade\lib\parser.js:759:17)
    at Parser.parseExpr (F:\koa2\koa2-demo\node_modules\jade\lib\parser.js:211:21)
    at Parser.block (F:\koa2\koa2-demo\node_modules\jade\lib\parser.js:729:25)
    at Parser.tag (F:\koa2\koa2-demo\node_modules\jade\lib\parser.js:838:24)
    at Parser.parseTag (F:\koa2\koa2-demo\node_modules\jade\lib\parser.js:759:17)
    at Parser.parseExpr (F:\koa2\koa2-demo\node_modules\jade\lib\parser.js:211:21)
    at Parser.parseExpr (F:\koa2\koa2-demo\node_modules\jade\lib\parser.js:252:21)
    at Parser.block (F:\koa2\koa2-demo\node_modules\jade\lib\parser.js:729:25)
    at Parser.tag (F:\koa2\koa2-demo\node_modules\jade\lib\parser.js:838:24)
    at Parser.parseTag (F:\koa2\koa2-demo\node_modules\jade\lib\parser.js:759:17)
    at Parser.parseExpr (F:\koa2\koa2-demo\node_modules\jade\lib\parser.js:211:21)
    at Parser.parseExpr (F:\koa2\koa2-demo\node_modules\jade\lib\parser.js:252:21)
    at Parser.block (F:\koa2\koa2-demo\node_modules\jade\lib\parser.js:729:25)
    at Parser.tag (F:\koa2\koa2-demo\node_modules\jade\lib\parser.js:838:24)
    at Parser.parseTag (F:\koa2\koa2-demo\node_modules\jade\lib\parser.js:759:17)
*************** error log end ***************

[2017-05-31 16:04:24.375] [ERROR] errorLogger - 
*************** error log start ***************
request method: GET
request originalUrl:  /admin/admin
request client ip:  ::1
request query:  {}
response time: 355
err name: Error
err message: F:\koa2\koa2-demo\views\back\main\main.jade:21
    19|                     a.btn.btn-success.update-pro(href="#")
    20|                 #navbar-menu
  > 21|                     ul..nav.navbar-nav.navbar-right
    22|                         li.dropdown
    23|                             a.dropdown-toggle.icon-menu(href="#",data-toggle="dropdown")
    24|                                 i.lnr.lnr-alarm

Unexpected token `class` expected `text`, `code`, `:`, `newline` or `eos`
err stack: Error: F:\koa2\koa2-demo\views\back\main\main.jade:21
    19|                     a.btn.btn-success.update-pro(href="#")
    20|                 #navbar-menu
  > 21|                     ul..nav.navbar-nav.navbar-right
    22|                         li.dropdown
    23|                             a.dropdown-toggle.icon-menu(href="#",data-toggle="dropdown")
    24|                                 i.lnr.lnr-alarm

Unexpected token `class` expected `text`, `code`, `:`, `newline` or `eos`
    at Parser.tag (F:\koa2\koa2-demo\node_modules\jade\lib\parser.js:828:15)
    at Parser.parseTag (F:\koa2\koa2-demo\node_modules\jade\lib\parser.js:759:17)
    at Parser.parseExpr (F:\koa2\koa2-demo\node_modules\jade\lib\parser.js:211:21)
    at Parser.block (F:\koa2\koa2-demo\node_modules\jade\lib\parser.js:729:25)
    at Parser.tag (F:\koa2\koa2-demo\node_modules\jade\lib\parser.js:838:24)
    at Parser.parseTag (F:\koa2\koa2-demo\node_modules\jade\lib\parser.js:759:17)
    at Parser.parseExpr (F:\koa2\koa2-demo\node_modules\jade\lib\parser.js:211:21)
    at Parser.parseExpr (F:\koa2\koa2-demo\node_modules\jade\lib\parser.js:252:21)
    at Parser.block (F:\koa2\koa2-demo\node_modules\jade\lib\parser.js:729:25)
    at Parser.tag (F:\koa2\koa2-demo\node_modules\jade\lib\parser.js:838:24)
    at Parser.parseTag (F:\koa2\koa2-demo\node_modules\jade\lib\parser.js:759:17)
    at Parser.parseExpr (F:\koa2\koa2-demo\node_modules\jade\lib\parser.js:211:21)
    at Parser.parseExpr (F:\koa2\koa2-demo\node_modules\jade\lib\parser.js:252:21)
    at Parser.block (F:\koa2\koa2-demo\node_modules\jade\lib\parser.js:729:25)
    at Parser.tag (F:\koa2\koa2-demo\node_modules\jade\lib\parser.js:838:24)
    at Parser.parseTag (F:\koa2\koa2-demo\node_modules\jade\lib\parser.js:759:17)
*************** error log end ***************

[2017-05-31 16:12:08.576] [ERROR] errorLogger - 
*************** error log start ***************
request method: GET
request originalUrl:  /admin/admin
request client ip:  ::1
request query:  {}
response time: 15
err name: Error
err message: F:\koa2\koa2-demo\views\back\main\main.jade:21
    19|                     a.btn.btn-success.update-pro(href="#")
    20|                 #navbar-menu
  > 21|                     ul..nav.navbar-nav.navbar-right
    22|                         li.dropdown
    23|                             a.dropdown-toggle.icon-menu(href="#",data-toggle="dropdown")
    24|                                 i.lnr.lnr-alarm

Unexpected token `class` expected `text`, `code`, `:`, `newline` or `eos`
err stack: Error: F:\koa2\koa2-demo\views\back\main\main.jade:21
    19|                     a.btn.btn-success.update-pro(href="#")
    20|                 #navbar-menu
  > 21|                     ul..nav.navbar-nav.navbar-right
    22|                         li.dropdown
    23|                             a.dropdown-toggle.icon-menu(href="#",data-toggle="dropdown")
    24|                                 i.lnr.lnr-alarm

Unexpected token `class` expected `text`, `code`, `:`, `newline` or `eos`
    at Parser.tag (F:\koa2\koa2-demo\node_modules\jade\lib\parser.js:828:15)
    at Parser.parseTag (F:\koa2\koa2-demo\node_modules\jade\lib\parser.js:759:17)
    at Parser.parseExpr (F:\koa2\koa2-demo\node_modules\jade\lib\parser.js:211:21)
    at Parser.block (F:\koa2\koa2-demo\node_modules\jade\lib\parser.js:729:25)
    at Parser.tag (F:\koa2\koa2-demo\node_modules\jade\lib\parser.js:838:24)
    at Parser.parseTag (F:\koa2\koa2-demo\node_modules\jade\lib\parser.js:759:17)
    at Parser.parseExpr (F:\koa2\koa2-demo\node_modules\jade\lib\parser.js:211:21)
    at Parser.parseExpr (F:\koa2\koa2-demo\node_modules\jade\lib\parser.js:252:21)
    at Parser.block (F:\koa2\koa2-demo\node_modules\jade\lib\parser.js:729:25)
    at Parser.tag (F:\koa2\koa2-demo\node_modules\jade\lib\parser.js:838:24)
    at Parser.parseTag (F:\koa2\koa2-demo\node_modules\jade\lib\parser.js:759:17)
    at Parser.parseExpr (F:\koa2\koa2-demo\node_modules\jade\lib\parser.js:211:21)
    at Parser.parseExpr (F:\koa2\koa2-demo\node_modules\jade\lib\parser.js:252:21)
    at Parser.block (F:\koa2\koa2-demo\node_modules\jade\lib\parser.js:729:25)
    at Parser.tag (F:\koa2\koa2-demo\node_modules\jade\lib\parser.js:838:24)
    at Parser.parseTag (F:\koa2\koa2-demo\node_modules\jade\lib\parser.js:759:17)
*************** error log end ***************

[2017-05-31 16:13:23.638] [ERROR] errorLogger - 
*************** error log start ***************
request method: GET
request originalUrl:  /admin/admin
request client ip:  ::1
request query:  {}
response time: 117
err name: Error
err message: F:\koa2\koa2-demo\views\back\main\main.jade:71
    69|                         li.dropdown
    70|                             a.dropdown-toggle(href="#",data-toggle="dropdown")
  > 71|                                 img.img-circle(src="assets/img/user.png",alt="Avatar")
    72|                                     span
    73|                                         | Samuel
    74|                                     i.icon-submenu.lnr.lnr-chevron-down

img is self closing and should not have content.
err stack: Error: F:\koa2\koa2-demo\views\back\main\main.jade:71
    69|                         li.dropdown
    70|                             a.dropdown-toggle(href="#",data-toggle="dropdown")
  > 71|                                 img.img-circle(src="assets/img/user.png",alt="Avatar")
    72|                                     span
    73|                                         | Samuel
    74|                                     i.icon-submenu.lnr.lnr-chevron-down

img is self closing and should not have content.
    at Compiler.visitTag (F:\koa2\koa2-demo\node_modules\jade\lib\compiler.js:471:32)
    at Compiler.visitNode (F:\koa2\koa2-demo\node_modules\jade\lib\compiler.js:225:37)
    at Compiler.visit (F:\koa2\koa2-demo\node_modules\jade\lib\compiler.js:212:10)
    at Compiler.visitBlock (F:\koa2\koa2-demo\node_modules\jade\lib\compiler.js:295:12)
    at Compiler.visitNode (F:\koa2\koa2-demo\node_modules\jade\lib\compiler.js:225:37)
    at Compiler.visit (F:\koa2\koa2-demo\node_modules\jade\lib\compiler.js:212:10)
    at Compiler.visitTag (F:\koa2\koa2-demo\node_modules\jade\lib\compiler.js:480:12)
    at Compiler.visitNode (F:\koa2\koa2-demo\node_modules\jade\lib\compiler.js:225:37)
    at Compiler.visit (F:\koa2\koa2-demo\node_modules\jade\lib\compiler.js:212:10)
    at Compiler.visitBlock (F:\koa2\koa2-demo\node_modules\jade\lib\compiler.js:295:12)
    at Compiler.visitNode (F:\koa2\koa2-demo\node_modules\jade\lib\compiler.js:225:37)
    at Compiler.visit (F:\koa2\koa2-demo\node_modules\jade\lib\compiler.js:212:10)
    at Compiler.visitTag (F:\koa2\koa2-demo\node_modules\jade\lib\compiler.js:480:12)
    at Compiler.visitNode (F:\koa2\koa2-demo\node_modules\jade\lib\compiler.js:225:37)
    at Compiler.visit (F:\koa2\koa2-demo\node_modules\jade\lib\compiler.js:212:10)
    at Compiler.visitBlock (F:\koa2\koa2-demo\node_modules\jade\lib\compiler.js:295:12)
*************** error log end ***************

[2017-05-31 16:13:24.443] [ERROR] errorLogger - 
*************** error log start ***************
request method: GET
request originalUrl:  /admin/admin
request client ip:  ::1
request query:  {}
response time: 52
err name: Error
err message: F:\koa2\koa2-demo\views\back\main\main.jade:71
    69|                         li.dropdown
    70|                             a.dropdown-toggle(href="#",data-toggle="dropdown")
  > 71|                                 img.img-circle(src="assets/img/user.png",alt="Avatar")
    72|                                     span
    73|                                         | Samuel
    74|                                     i.icon-submenu.lnr.lnr-chevron-down

img is self closing and should not have content.
err stack: Error: F:\koa2\koa2-demo\views\back\main\main.jade:71
    69|                         li.dropdown
    70|                             a.dropdown-toggle(href="#",data-toggle="dropdown")
  > 71|                                 img.img-circle(src="assets/img/user.png",alt="Avatar")
    72|                                     span
    73|                                         | Samuel
    74|                                     i.icon-submenu.lnr.lnr-chevron-down

img is self closing and should not have content.
    at Compiler.visitTag (F:\koa2\koa2-demo\node_modules\jade\lib\compiler.js:471:32)
    at Compiler.visitNode (F:\koa2\koa2-demo\node_modules\jade\lib\compiler.js:225:37)
    at Compiler.visit (F:\koa2\koa2-demo\node_modules\jade\lib\compiler.js:212:10)
    at Compiler.visitBlock (F:\koa2\koa2-demo\node_modules\jade\lib\compiler.js:295:12)
    at Compiler.visitNode (F:\koa2\koa2-demo\node_modules\jade\lib\compiler.js:225:37)
    at Compiler.visit (F:\koa2\koa2-demo\node_modules\jade\lib\compiler.js:212:10)
    at Compiler.visitTag (F:\koa2\koa2-demo\node_modules\jade\lib\compiler.js:480:12)
    at Compiler.visitNode (F:\koa2\koa2-demo\node_modules\jade\lib\compiler.js:225:37)
    at Compiler.visit (F:\koa2\koa2-demo\node_modules\jade\lib\compiler.js:212:10)
    at Compiler.visitBlock (F:\koa2\koa2-demo\node_modules\jade\lib\compiler.js:295:12)
    at Compiler.visitNode (F:\koa2\koa2-demo\node_modules\jade\lib\compiler.js:225:37)
    at Compiler.visit (F:\koa2\koa2-demo\node_modules\jade\lib\compiler.js:212:10)
    at Compiler.visitTag (F:\koa2\koa2-demo\node_modules\jade\lib\compiler.js:480:12)
    at Compiler.visitNode (F:\koa2\koa2-demo\node_modules\jade\lib\compiler.js:225:37)
    at Compiler.visit (F:\koa2\koa2-demo\node_modules\jade\lib\compiler.js:212:10)
    at Compiler.visitBlock (F:\koa2\koa2-demo\node_modules\jade\lib\compiler.js:295:12)
*************** error log end ***************

[2017-05-31 16:14:57.224] [ERROR] errorLogger - 
*************** error log start ***************
request method: GET
request originalUrl:  /admin/admin
request client ip:  ::1
request query:  {}
response time: 98
err name: Error
err message: F:\koa2\koa2-demo\views\back\main\main.jade:71
    69|                         li.dropdown
    70|                             a.dropdown-toggle(href="#",data-toggle="dropdown")
  > 71|                                 img.img-circle(src="assets/img/user.png",alt="Avatar")
    72|                                     span
    73|                                         | Samuel
    74|                                     i.icon-submenu.lnr.lnr-chevron-down

img is self closing and should not have content.
err stack: Error: F:\koa2\koa2-demo\views\back\main\main.jade:71
    69|                         li.dropdown
    70|                             a.dropdown-toggle(href="#",data-toggle="dropdown")
  > 71|                                 img.img-circle(src="assets/img/user.png",alt="Avatar")
    72|                                     span
    73|                                         | Samuel
    74|                                     i.icon-submenu.lnr.lnr-chevron-down

img is self closing and should not have content.
    at Compiler.visitTag (F:\koa2\koa2-demo\node_modules\jade\lib\compiler.js:471:32)
    at Compiler.visitNode (F:\koa2\koa2-demo\node_modules\jade\lib\compiler.js:225:37)
    at Compiler.visit (F:\koa2\koa2-demo\node_modules\jade\lib\compiler.js:212:10)
    at Compiler.visitBlock (F:\koa2\koa2-demo\node_modules\jade\lib\compiler.js:295:12)
    at Compiler.visitNode (F:\koa2\koa2-demo\node_modules\jade\lib\compiler.js:225:37)
    at Compiler.visit (F:\koa2\koa2-demo\node_modules\jade\lib\compiler.js:212:10)
    at Compiler.visitTag (F:\koa2\koa2-demo\node_modules\jade\lib\compiler.js:480:12)
    at Compiler.visitNode (F:\koa2\koa2-demo\node_modules\jade\lib\compiler.js:225:37)
    at Compiler.visit (F:\koa2\koa2-demo\node_modules\jade\lib\compiler.js:212:10)
    at Compiler.visitBlock (F:\koa2\koa2-demo\node_modules\jade\lib\compiler.js:295:12)
    at Compiler.visitNode (F:\koa2\koa2-demo\node_modules\jade\lib\compiler.js:225:37)
    at Compiler.visit (F:\koa2\koa2-demo\node_modules\jade\lib\compiler.js:212:10)
    at Compiler.visitTag (F:\koa2\koa2-demo\node_modules\jade\lib\compiler.js:480:12)
    at Compiler.visitNode (F:\koa2\koa2-demo\node_modules\jade\lib\compiler.js:225:37)
    at Compiler.visit (F:\koa2\koa2-demo\node_modules\jade\lib\compiler.js:212:10)
    at Compiler.visitBlock (F:\koa2\koa2-demo\node_modules\jade\lib\compiler.js:295:12)
*************** error log end ***************

[2017-05-31 16:15:19.346] [ERROR] errorLogger - 
*************** error log start ***************
request method: GET
request originalUrl:  /admin/admin
request client ip:  ::1
request query:  {}
response time: 35
err name: Error
err message: F:\koa2\koa2-demo\views\back\main\main.jade:71
    69|                         li.dropdown
    70|                             a.dropdown-toggle(href="#",data-toggle="dropdown")
  > 71|                                 img.img-circle(src="assets/img/user.png",alt="Avatar")
    72|                                     span
    73|                                         | Samuel
    74|                                     i.icon-submenu.lnr.lnr-chevron-down

img is self closing and should not have content.
err stack: Error: F:\koa2\koa2-demo\views\back\main\main.jade:71
    69|                         li.dropdown
    70|                             a.dropdown-toggle(href="#",data-toggle="dropdown")
  > 71|                                 img.img-circle(src="assets/img/user.png",alt="Avatar")
    72|                                     span
    73|                                         | Samuel
    74|                                     i.icon-submenu.lnr.lnr-chevron-down

img is self closing and should not have content.
    at Compiler.visitTag (F:\koa2\koa2-demo\node_modules\jade\lib\compiler.js:471:32)
    at Compiler.visitNode (F:\koa2\koa2-demo\node_modules\jade\lib\compiler.js:225:37)
    at Compiler.visit (F:\koa2\koa2-demo\node_modules\jade\lib\compiler.js:212:10)
    at Compiler.visitBlock (F:\koa2\koa2-demo\node_modules\jade\lib\compiler.js:295:12)
    at Compiler.visitNode (F:\koa2\koa2-demo\node_modules\jade\lib\compiler.js:225:37)
    at Compiler.visit (F:\koa2\koa2-demo\node_modules\jade\lib\compiler.js:212:10)
    at Compiler.visitTag (F:\koa2\koa2-demo\node_modules\jade\lib\compiler.js:480:12)
    at Compiler.visitNode (F:\koa2\koa2-demo\node_modules\jade\lib\compiler.js:225:37)
    at Compiler.visit (F:\koa2\koa2-demo\node_modules\jade\lib\compiler.js:212:10)
    at Compiler.visitBlock (F:\koa2\koa2-demo\node_modules\jade\lib\compiler.js:295:12)
    at Compiler.visitNode (F:\koa2\koa2-demo\node_modules\jade\lib\compiler.js:225:37)
    at Compiler.visit (F:\koa2\koa2-demo\node_modules\jade\lib\compiler.js:212:10)
    at Compiler.visitTag (F:\koa2\koa2-demo\node_modules\jade\lib\compiler.js:480:12)
    at Compiler.visitNode (F:\koa2\koa2-demo\node_modules\jade\lib\compiler.js:225:37)
    at Compiler.visit (F:\koa2\koa2-demo\node_modules\jade\lib\compiler.js:212:10)
    at Compiler.visitBlock (F:\koa2\koa2-demo\node_modules\jade\lib\compiler.js:295:12)
*************** error log end ***************

[2017-05-31 16:16:12.495] [ERROR] errorLogger - 
*************** error log start ***************
request method: GET
request originalUrl:  /admin/admin
request client ip:  ::1
request query:  {}
response time: 38
err name: Error
err message: F:\koa2\koa2-demo\views\back\main\main.jade:71
    69|                         li.dropdown
    70|                             a.dropdown-toggle(href="#",data-toggle="dropdown")
  > 71|                                 img.img-circle(src="",alt="Avatar")
    72|                                     span
    73|                                         | Samuel
    74|                                     i.icon-submenu.lnr.lnr-chevron-down

img is self closing and should not have content.
err stack: Error: F:\koa2\koa2-demo\views\back\main\main.jade:71
    69|                         li.dropdown
    70|                             a.dropdown-toggle(href="#",data-toggle="dropdown")
  > 71|                                 img.img-circle(src="",alt="Avatar")
    72|                                     span
    73|                                         | Samuel
    74|                                     i.icon-submenu.lnr.lnr-chevron-down

img is self closing and should not have content.
    at Compiler.visitTag (F:\koa2\koa2-demo\node_modules\jade\lib\compiler.js:471:32)
    at Compiler.visitNode (F:\koa2\koa2-demo\node_modules\jade\lib\compiler.js:225:37)
    at Compiler.visit (F:\koa2\koa2-demo\node_modules\jade\lib\compiler.js:212:10)
    at Compiler.visitBlock (F:\koa2\koa2-demo\node_modules\jade\lib\compiler.js:295:12)
    at Compiler.visitNode (F:\koa2\koa2-demo\node_modules\jade\lib\compiler.js:225:37)
    at Compiler.visit (F:\koa2\koa2-demo\node_modules\jade\lib\compiler.js:212:10)
    at Compiler.visitTag (F:\koa2\koa2-demo\node_modules\jade\lib\compiler.js:480:12)
    at Compiler.visitNode (F:\koa2\koa2-demo\node_modules\jade\lib\compiler.js:225:37)
    at Compiler.visit (F:\koa2\koa2-demo\node_modules\jade\lib\compiler.js:212:10)
    at Compiler.visitBlock (F:\koa2\koa2-demo\node_modules\jade\lib\compiler.js:295:12)
    at Compiler.visitNode (F:\koa2\koa2-demo\node_modules\jade\lib\compiler.js:225:37)
    at Compiler.visit (F:\koa2\koa2-demo\node_modules\jade\lib\compiler.js:212:10)
    at Compiler.visitTag (F:\koa2\koa2-demo\node_modules\jade\lib\compiler.js:480:12)
    at Compiler.visitNode (F:\koa2\koa2-demo\node_modules\jade\lib\compiler.js:225:37)
    at Compiler.visit (F:\koa2\koa2-demo\node_modules\jade\lib\compiler.js:212:10)
    at Compiler.visitBlock (F:\koa2\koa2-demo\node_modules\jade\lib\compiler.js:295:12)
*************** error log end ***************

[2017-05-31 16:23:56.452] [ERROR] errorLogger - 
*************** error log start ***************
request method: GET
request originalUrl:  /admin/admin
request client ip:  ::1
request query:  {}
response time: 33
err name: Error
err message: F:\koa2\koa2-demo\views\back\main\main.jade:71
    69|                         li.dropdown
    70|                             a.dropdown-toggle(href="#",data-toggle="dropdown")
  > 71|                                 img.img-circle(src="assets/img/user.png",alt="Avatar")
    72|                                     span
    73|                                         | Samuel
    74|                             ul.dropdown-menu

img is self closing and should not have content.
err stack: Error: F:\koa2\koa2-demo\views\back\main\main.jade:71
    69|                         li.dropdown
    70|                             a.dropdown-toggle(href="#",data-toggle="dropdown")
  > 71|                                 img.img-circle(src="assets/img/user.png",alt="Avatar")
    72|                                     span
    73|                                         | Samuel
    74|                             ul.dropdown-menu

img is self closing and should not have content.
    at Compiler.visitTag (F:\koa2\koa2-demo\node_modules\jade\lib\compiler.js:471:32)
    at Compiler.visitNode (F:\koa2\koa2-demo\node_modules\jade\lib\compiler.js:225:37)
    at Compiler.visit (F:\koa2\koa2-demo\node_modules\jade\lib\compiler.js:212:10)
    at Compiler.visitBlock (F:\koa2\koa2-demo\node_modules\jade\lib\compiler.js:295:12)
    at Compiler.visitNode (F:\koa2\koa2-demo\node_modules\jade\lib\compiler.js:225:37)
    at Compiler.visit (F:\koa2\koa2-demo\node_modules\jade\lib\compiler.js:212:10)
    at Compiler.visitTag (F:\koa2\koa2-demo\node_modules\jade\lib\compiler.js:480:12)
    at Compiler.visitNode (F:\koa2\koa2-demo\node_modules\jade\lib\compiler.js:225:37)
    at Compiler.visit (F:\koa2\koa2-demo\node_modules\jade\lib\compiler.js:212:10)
    at Compiler.visitBlock (F:\koa2\koa2-demo\node_modules\jade\lib\compiler.js:295:12)
    at Compiler.visitNode (F:\koa2\koa2-demo\node_modules\jade\lib\compiler.js:225:37)
    at Compiler.visit (F:\koa2\koa2-demo\node_modules\jade\lib\compiler.js:212:10)
    at Compiler.visitTag (F:\koa2\koa2-demo\node_modules\jade\lib\compiler.js:480:12)
    at Compiler.visitNode (F:\koa2\koa2-demo\node_modules\jade\lib\compiler.js:225:37)
    at Compiler.visit (F:\koa2\koa2-demo\node_modules\jade\lib\compiler.js:212:10)
    at Compiler.visitBlock (F:\koa2\koa2-demo\node_modules\jade\lib\compiler.js:295:12)
*************** error log end ***************

